<?xml version="1.0" encoding="UTF-8"?>
<testng-results skipped="0" failed="0" ignored="0" total="2" passed="2">
  <reporter-output>
  </reporter-output>
  <suite name="Default suite" duration-ms="21072" started-at="2018-10-25T19:51:23Z" finished-at="2018-10-25T19:51:44Z">
    <groups>
    </groups>
    <test name="Default test" duration-ms="21072" started-at="2018-10-25T19:51:23Z" finished-at="2018-10-25T19:51:44Z">
      <class name="udemy.global.properties.ExecuteTestBaseClass">
        <test-method status="PASS" signature="executeParentClass()[pri:0, instance:udemy.global.properties.ExecuteTestBaseClass@6d8a00e3]" name="executeParentClass" duration-ms="13405" started-at="2018-10-25T14:51:23Z" finished-at="2018-10-25T14:51:37Z">
          <reporter-output>
          </reporter-output>
        </test-method> <!-- executeParentClass -->
        <test-method status="PASS" signature="details()[pri:0, instance:udemy.global.properties.ExecuteTestBaseClass@6d8a00e3]" name="details" duration-ms="7612" started-at="2018-10-25T14:51:37Z" finished-at="2018-10-25T14:51:44Z">
          <reporter-output>
          </reporter-output>
        </test-method> <!-- details -->
      </class> <!-- udemy.global.properties.ExecuteTestBaseClass -->
    </test> <!-- Default test -->
  </suite> <!-- Default suite -->
</testng-results>
